0 info it worked if it ends with ok
1 verbose cli [ '/usr/local/bin/node',
1 verbose cli   '/usr/local/bin/npm',
1 verbose cli   'run',
1 verbose cli   'build-css' ]
2 info using npm@3.10.8
3 info using node@v6.9.1
4 verbose run-script [ 'prebuild-css', 'build-css', 'postbuild-css' ]
5 info lifecycle trip-planner@1.0.0~prebuild-css: trip-planner@1.0.0
6 silly lifecycle trip-planner@1.0.0~prebuild-css: no script for prebuild-css, continuing
7 info lifecycle trip-planner@1.0.0~build-css: trip-planner@1.0.0
8 verbose lifecycle trip-planner@1.0.0~build-css: unsafe-perm in lifecycle true
9 verbose lifecycle trip-planner@1.0.0~build-css: PATH: /usr/local/lib/node_modules/npm/bin/node-gyp-bin:/Users/lisapan/GraceHopper/TripPlanner/node_modules/.bin:/usr/local/bin:/usr/bin:/bin:/usr/sbin:/sbin:/opt/X11/bin:/usr/local/git/bin:/usr/texbin
10 verbose lifecycle trip-planner@1.0.0~build-css: CWD: /Users/lisapan/GraceHopper/TripPlanner
11 silly lifecycle trip-planner@1.0.0~build-css: Args: [ '-c',
11 silly lifecycle   'node-sass -w -r assets/stylesheets -o public/stylesheets' ]
12 silly lifecycle trip-planner@1.0.0~build-css: Returned: code: 1  signal: null
13 info lifecycle trip-planner@1.0.0~build-css: Failed to exec build-css script
14 verbose stack Error: trip-planner@1.0.0 build-css: `node-sass -w -r assets/stylesheets -o public/stylesheets`
14 verbose stack Exit status 1
14 verbose stack     at EventEmitter.<anonymous> (/usr/local/lib/node_modules/npm/lib/utils/lifecycle.js:255:16)
14 verbose stack     at emitTwo (events.js:106:13)
14 verbose stack     at EventEmitter.emit (events.js:191:7)
14 verbose stack     at ChildProcess.<anonymous> (/usr/local/lib/node_modules/npm/lib/utils/spawn.js:40:14)
14 verbose stack     at emitTwo (events.js:106:13)
14 verbose stack     at ChildProcess.emit (events.js:191:7)
14 verbose stack     at maybeClose (internal/child_process.js:877:16)
14 verbose stack     at Process.ChildProcess._handle.onexit (internal/child_process.js:226:5)
15 verbose pkgid trip-planner@1.0.0
16 verbose cwd /Users/lisapan/GraceHopper/TripPlanner
17 error Darwin 16.1.0
18 error argv "/usr/local/bin/node" "/usr/local/bin/npm" "run" "build-css"
19 error node v6.9.1
20 error npm  v3.10.8
21 error code ELIFECYCLE
22 error trip-planner@1.0.0 build-css: `node-sass -w -r assets/stylesheets -o public/stylesheets`
22 error Exit status 1
23 error Failed at the trip-planner@1.0.0 build-css script 'node-sass -w -r assets/stylesheets -o public/stylesheets'.
23 error Make sure you have the latest version of node.js and npm installed.
23 error If you do, this is most likely a problem with the trip-planner package,
23 error not with npm itself.
23 error Tell the author that this fails on your system:
23 error     node-sass -w -r assets/stylesheets -o public/stylesheets
23 error You can get information on how to open an issue for this project with:
23 error     npm bugs trip-planner
23 error Or if that isn't available, you can get their info via:
23 error     npm owner ls trip-planner
23 error There is likely additional logging output above.
24 verbose exit [ 1, true ]
